<?xml version="1.0" encoding="UTF-8"?>
<testng-results skipped="0" failed="0" ignored="0" total="2" passed="2">
  <reporter-output>
  </reporter-output>
  <suite name="Hotwire Test Automation Test Suite" duration-ms="91272" started-at="2019-12-17T01:53:18Z" finished-at="2019-12-17T01:54:49Z">
    <groups>
    </groups>
    <test name="Hotwire Flight ticket booking Test Cases" duration-ms="91272" started-at="2019-12-17T01:53:18Z" finished-at="2019-12-17T01:54:49Z">
      <class name="com.hotwire.qa.testcases.HomePageTest">
        <test-method status="PASS" signature="setUp()[pri:0, instance:com.hotwire.qa.testcases.HomePageTest@3cda1055]" name="setUp" is-config="true" duration-ms="27078" started-at="2019-12-17T07:23:18Z" finished-at="2019-12-17T07:23:45Z">
          <reporter-output>
          </reporter-output>
        </test-method> <!-- setUp -->
        <test-method status="PASS" signature="verifyHomePageTitleTest()[pri:1, instance:com.hotwire.qa.testcases.HomePageTest@3cda1055]" name="verifyHomePageTitleTest" duration-ms="32" started-at="2019-12-17T07:23:45Z" finished-at="2019-12-17T07:23:45Z">
          <reporter-output>
          </reporter-output>
        </test-method> <!-- verifyHomePageTitleTest -->
        <test-method status="PASS" signature="tearDown()[pri:0, instance:com.hotwire.qa.testcases.HomePageTest@3cda1055]" name="tearDown" is-config="true" duration-ms="1252" started-at="2019-12-17T07:23:45Z" finished-at="2019-12-17T07:23:46Z">
          <reporter-output>
          </reporter-output>
        </test-method> <!-- tearDown -->
      </class> <!-- com.hotwire.qa.testcases.HomePageTest -->
      <class name="com.hotwire.qa.testcases.VactionsPageTest">
        <test-method status="PASS" signature="setUp()[pri:0, instance:com.hotwire.qa.testcases.VactionsPageTest@7a5d012c]" name="setUp" is-config="true" duration-ms="34257" started-at="2019-12-17T07:23:46Z" finished-at="2019-12-17T07:24:20Z">
          <reporter-output>
          </reporter-output>
        </test-method> <!-- setUp -->
        <test-method status="PASS" signature="findVacation()[pri:1, instance:com.hotwire.qa.testcases.VactionsPageTest@7a5d012c]" name="findVacation" duration-ms="27122" started-at="2019-12-17T07:24:20Z" finished-at="2019-12-17T07:24:47Z">
          <reporter-output>
          </reporter-output>
        </test-method> <!-- findVacation -->
        <test-method status="PASS" signature="tearDown()[pri:0, instance:com.hotwire.qa.testcases.VactionsPageTest@7a5d012c]" name="tearDown" is-config="true" duration-ms="1503" started-at="2019-12-17T07:24:47Z" finished-at="2019-12-17T07:24:49Z">
          <reporter-output>
          </reporter-output>
        </test-method> <!-- tearDown -->
      </class> <!-- com.hotwire.qa.testcases.VactionsPageTest -->
    </test> <!-- Hotwire Flight ticket booking Test Cases -->
  </suite> <!-- Hotwire Test Automation Test Suite -->
</testng-results>
