<?xml version="1.0" encoding="UTF-8"?>
<!-- Generated by org.testng.reporters.JUnitXMLReporter -->
<testsuite hostname="MAVLT1187" ignored="0" name="Hotwire Flight ticket booking Test Cases" tests="2" failures="0" timestamp="17 Dec 2019 01:54:49 GMT" time="91.272" errors="0">
  <testcase name="verifyHomePageTitleTest" time="0.032" classname="com.hotwire.qa.testcases.HomePageTest"/>
  <testcase name="findVacation" time="27.122" classname="com.hotwire.qa.testcases.VactionsPageTest"/>
</testsuite> <!-- Hotwire Flight ticket booking Test Cases -->
